Traceback (most recent call last):
  File "d:\Projects\Altimeter_Desktop_App_USB_Serial\main.py", line 98, in run
    return self.setup_application()
           ~~~~~~~~~~~~~~~~~~~~~~^^
  File "d:\Projects\Altimeter_Desktop_App_USB_Serial\main.py", line 51, in setup_application
    self.dashboard = TelemetryDashboard()
                     ~~~~~~~~~~~~~~~~~~^^
  File "d:\Projects\Altimeter_Desktop_App_USB_Serial\ui_dashboard.py", line 35, in __init__
    self.setup_ui()
    ~~~~~~~~~~~~~^^
  File "d:\Projects\Altimeter_Desktop_App_USB_Serial\ui_dashboard.py", line 96, in setup_ui
    left_scroll.setHorizontalScrollBarPolicy(Qt.ScrollBarAlwaysOff)
                                             ^^^^^^^^^^^^^^^^^^^^^
AttributeError: type object 'Qt' has no attribute 'ScrollBarAlwaysOff'
2026-01-06 07:01:22,376 - ERROR - Application crash
Traceback (most recent call last):
  File "d:\Projects\Altimeter_Desktop_App_USB_Serial\main.py", line 98, in run
    return self.setup_application()
           ~~~~~~~~~~~~~~~~~~~~~~^^
  File "d:\Projects\Altimeter_Desktop_App_USB_Serial\main.py", line 51, in setup_application
    self.dashboard = TelemetryDashboard()
                     ~~~~~~~~~~~~~~~~~~^^
  File "d:\Projects\Altimeter_Desktop_App_USB_Serial\ui_dashboard.py", line 35, in __init__
    self.setup_ui()
    ~~~~~~~~~~~~~^^
  File "d:\Projects\Altimeter_Desktop_App_USB_Serial\ui_dashboard.py", line 96, in setup_ui
    left_scroll.setHorizontalScrollBarPolicy(Qt.ScrollBarAlwaysOff)
                                             ^^^^^^^^^^^^^^^^^^^^^
AttributeError: type object 'Qt' has no attribute 'ScrollBarAlwaysOff'
